------------------------------------------------------------------
      name:  <unnamed>
       log:  \\Client\H$\Documents\GitHub\ssrp-deworming/output/pe
> rcent_currently_in_school.log
  log type:  text
 opened on:  19 Apr 2021, 10:51:10

. 
.         use "$data/Worms20_Analysis.dta",clear

.         keep if interview_round==4
(9,674 observations deleted)

.         summ in_school_klps4 [aw=weight] //1.2% currently in sch
> ool

    Variable |     Obs      Weight        Mean   Std. Dev.       M
> in        Max
-------------+----------------------------------------------------
> -------------
in_school_~4 |   1,692  6642.19648    .0122055   .1098349         
>  0          1

.         
.         cap log close
